<?xml version="1.0" encoding="UTF-8"?>
<testng-results ignored="0" total="3" passed="3" failed="0" skipped="0">
  <reporter-output>
  </reporter-output>
  <suite started-at="2023-12-23T13:04:50 IST" name="Suite" finished-at="2023-12-23T13:05:11 IST" duration-ms="20814">
    <groups>
    </groups>
    <test started-at="2023-12-23T13:04:50 IST" name="Test" finished-at="2023-12-23T13:05:11 IST" duration-ms="20814">
      <class name="pipelines.pipes.job1">
        <test-method is-config="true" signature="LaunchBrowser()[pri:0, instance:pipelines.pipes.job1@55de24cc]" started-at="2023-12-23T13:04:50 IST" name="LaunchBrowser" finished-at="2023-12-23T13:04:54 IST" duration-ms="3621" status="PASS">
          <reporter-output>
          </reporter-output>
        </test-method> <!-- LaunchBrowser -->
        <test-method signature="test1()[pri:0, instance:pipelines.pipes.job1@55de24cc]" started-at="2023-12-23T13:04:54 IST" name="test1" finished-at="2023-12-23T13:04:56 IST" duration-ms="2229" status="PASS">
          <reporter-output>
          </reporter-output>
        </test-method> <!-- test1 -->
        <test-method is-config="true" signature="test4()[pri:0, instance:pipelines.pipes.job1@55de24cc]" started-at="2023-12-23T13:04:56 IST" name="test4" finished-at="2023-12-23T13:04:57 IST" duration-ms="489" status="PASS">
          <reporter-output>
          </reporter-output>
        </test-method> <!-- test4 -->
        <test-method is-config="true" signature="LaunchBrowser()[pri:0, instance:pipelines.pipes.job1@55de24cc]" started-at="2023-12-23T13:04:57 IST" name="LaunchBrowser" finished-at="2023-12-23T13:04:59 IST" duration-ms="2044" status="PASS">
          <reporter-output>
          </reporter-output>
        </test-method> <!-- LaunchBrowser -->
        <test-method signature="test2()[pri:0, instance:pipelines.pipes.job1@55de24cc]" started-at="2023-12-23T13:04:59 IST" name="test2" finished-at="2023-12-23T13:05:01 IST" duration-ms="2078" status="PASS">
          <reporter-output>
          </reporter-output>
        </test-method> <!-- test2 -->
        <test-method is-config="true" signature="test4()[pri:0, instance:pipelines.pipes.job1@55de24cc]" started-at="2023-12-23T13:05:01 IST" name="test4" finished-at="2023-12-23T13:05:01 IST" duration-ms="389" status="PASS">
          <reporter-output>
          </reporter-output>
        </test-method> <!-- test4 -->
        <test-method is-config="true" signature="LaunchBrowser()[pri:0, instance:pipelines.pipes.job1@55de24cc]" started-at="2023-12-23T13:05:01 IST" name="LaunchBrowser" finished-at="2023-12-23T13:05:03 IST" duration-ms="1905" status="PASS">
          <reporter-output>
          </reporter-output>
        </test-method> <!-- LaunchBrowser -->
        <test-method signature="test3()[pri:0, instance:pipelines.pipes.job1@55de24cc]" started-at="2023-12-23T13:05:03 IST" name="test3" finished-at="2023-12-23T13:05:11 IST" duration-ms="7676" status="PASS">
          <reporter-output>
          </reporter-output>
        </test-method> <!-- test3 -->
        <test-method is-config="true" signature="test4()[pri:0, instance:pipelines.pipes.job1@55de24cc]" started-at="2023-12-23T13:05:11 IST" name="test4" finished-at="2023-12-23T13:05:11 IST" duration-ms="341" status="PASS">
          <reporter-output>
          </reporter-output>
        </test-method> <!-- test4 -->
      </class> <!-- pipelines.pipes.job1 -->
    </test> <!-- Test -->
  </suite> <!-- Suite -->
</testng-results>
