<?xml version="1.0" encoding="UTF-8"?>
<testng-results ignored="0" total="3" passed="3" failed="0" skipped="0">
  <reporter-output>
  </reporter-output>
  <suite started-at="2023-12-22T21:14:52 IST" name="Suite" finished-at="2023-12-22T21:15:18 IST" duration-ms="25354">
    <groups>
    </groups>
    <test started-at="2023-12-22T21:14:52 IST" name="Test" finished-at="2023-12-22T21:15:18 IST" duration-ms="25354">
      <class name="pipelines.pipes.job1">
        <test-method is-config="true" signature="LaunchBrowser()[pri:0, instance:pipelines.pipes.job1@5884a914]" started-at="2023-12-22T21:14:52 IST" name="LaunchBrowser" finished-at="2023-12-22T21:15:01 IST" duration-ms="8484" status="PASS">
          <reporter-output>
          </reporter-output>
        </test-method> <!-- LaunchBrowser -->
        <test-method signature="test1()[pri:0, instance:pipelines.pipes.job1@5884a914]" started-at="2023-12-22T21:15:01 IST" name="test1" finished-at="2023-12-22T21:15:05 IST" duration-ms="4137" status="PASS">
          <reporter-output>
          </reporter-output>
        </test-method> <!-- test1 -->
        <test-method is-config="true" signature="test4()[pri:0, instance:pipelines.pipes.job1@5884a914]" started-at="2023-12-22T21:15:05 IST" name="test4" finished-at="2023-12-22T21:15:06 IST" duration-ms="507" status="PASS">
          <reporter-output>
          </reporter-output>
        </test-method> <!-- test4 -->
        <test-method is-config="true" signature="LaunchBrowser()[pri:0, instance:pipelines.pipes.job1@5884a914]" started-at="2023-12-22T21:15:06 IST" name="LaunchBrowser" finished-at="2023-12-22T21:15:07 IST" duration-ms="1874" status="PASS">
          <reporter-output>
          </reporter-output>
        </test-method> <!-- LaunchBrowser -->
        <test-method signature="test2()[pri:0, instance:pipelines.pipes.job1@5884a914]" started-at="2023-12-22T21:15:07 IST" name="test2" finished-at="2023-12-22T21:15:09 IST" duration-ms="1838" status="PASS">
          <reporter-output>
          </reporter-output>
        </test-method> <!-- test2 -->
        <test-method is-config="true" signature="test4()[pri:0, instance:pipelines.pipes.job1@5884a914]" started-at="2023-12-22T21:15:09 IST" name="test4" finished-at="2023-12-22T21:15:10 IST" duration-ms="339" status="PASS">
          <reporter-output>
          </reporter-output>
        </test-method> <!-- test4 -->
        <test-method is-config="true" signature="LaunchBrowser()[pri:0, instance:pipelines.pipes.job1@5884a914]" started-at="2023-12-22T21:15:10 IST" name="LaunchBrowser" finished-at="2023-12-22T21:15:12 IST" duration-ms="1931" status="PASS">
          <reporter-output>
          </reporter-output>
        </test-method> <!-- LaunchBrowser -->
        <test-method signature="test3()[pri:0, instance:pipelines.pipes.job1@5884a914]" started-at="2023-12-22T21:15:12 IST" name="test3" finished-at="2023-12-22T21:15:17 IST" duration-ms="5669" status="PASS">
          <reporter-output>
          </reporter-output>
        </test-method> <!-- test3 -->
        <test-method is-config="true" signature="test4()[pri:0, instance:pipelines.pipes.job1@5884a914]" started-at="2023-12-22T21:15:17 IST" name="test4" finished-at="2023-12-22T21:15:18 IST" duration-ms="517" status="PASS">
          <reporter-output>
          </reporter-output>
        </test-method> <!-- test4 -->
      </class> <!-- pipelines.pipes.job1 -->
    </test> <!-- Test -->
  </suite> <!-- Suite -->
</testng-results>
