<?xml version="1.0" encoding="UTF-8"?>
<testsuite xmlns:xsi="http://www.w3.org/2001/XMLSchema-instance" xsi:noNamespaceSchemaLocation="https://maven.apache.org/surefire/maven-surefire-plugin/xsd/surefire-test-report.xsd" name="TestSuite" time="26.348" tests="3" errors="0" skipped="0" failures="0">
  <properties>
[...]
</properties>
  <testcase name="test1" classname="pipelines.pipes.job1" time="4.141"/>
  <testcase name="test2" classname="pipelines.pipes.job1" time="1.837"/>
  <testcase name="test3" classname="pipelines.pipes.job1" time="5.669"/>
</testsuite>