<?xml version="1.0" encoding="UTF-8"?>
<testng-results ignored="0" total="3" passed="3" failed="0" skipped="0">
  <reporter-output>
  </reporter-output>
  <suite started-at="2023-12-22T10:47:24 IST" name="Default suite" finished-at="2023-12-22T10:47:43 IST" duration-ms="18513">
    <groups>
    </groups>
    <test started-at="2023-12-22T10:47:24 IST" name="Default test" finished-at="2023-12-22T10:47:43 IST" duration-ms="18513">
      <class name="pipelines.pipes.job1">
        <test-method is-config="true" signature="LaunchBrowser()[pri:0, instance:pipelines.pipes.job1@72445aba]" started-at="2023-12-22T10:47:24 IST" name="LaunchBrowser" finished-at="2023-12-22T10:47:27 IST" duration-ms="3047" status="PASS">
          <reporter-output>
          </reporter-output>
        </test-method> <!-- LaunchBrowser -->
        <test-method signature="test1()[pri:0, instance:pipelines.pipes.job1@72445aba]" started-at="2023-12-22T10:47:27 IST" name="test1" finished-at="2023-12-22T10:47:30 IST" duration-ms="2406" status="PASS">
          <reporter-output>
          </reporter-output>
        </test-method> <!-- test1 -->
        <test-method is-config="true" signature="test4()[pri:0, instance:pipelines.pipes.job1@72445aba]" started-at="2023-12-22T10:47:30 IST" name="test4" finished-at="2023-12-22T10:47:30 IST" duration-ms="281" status="PASS">
          <reporter-output>
          </reporter-output>
        </test-method> <!-- test4 -->
        <test-method is-config="true" signature="LaunchBrowser()[pri:0, instance:pipelines.pipes.job1@72445aba]" started-at="2023-12-22T10:47:30 IST" name="LaunchBrowser" finished-at="2023-12-22T10:47:32 IST" duration-ms="1873" status="PASS">
          <reporter-output>
          </reporter-output>
        </test-method> <!-- LaunchBrowser -->
        <test-method signature="test2()[pri:0, instance:pipelines.pipes.job1@72445aba]" started-at="2023-12-22T10:47:32 IST" name="test2" finished-at="2023-12-22T10:47:35 IST" duration-ms="3550" status="PASS">
          <reporter-output>
          </reporter-output>
        </test-method> <!-- test2 -->
        <test-method is-config="true" signature="test4()[pri:0, instance:pipelines.pipes.job1@72445aba]" started-at="2023-12-22T10:47:35 IST" name="test4" finished-at="2023-12-22T10:47:36 IST" duration-ms="264" status="PASS">
          <reporter-output>
          </reporter-output>
        </test-method> <!-- test4 -->
        <test-method is-config="true" signature="LaunchBrowser()[pri:0, instance:pipelines.pipes.job1@72445aba]" started-at="2023-12-22T10:47:36 IST" name="LaunchBrowser" finished-at="2023-12-22T10:47:37 IST" duration-ms="1752" status="PASS">
          <reporter-output>
          </reporter-output>
        </test-method> <!-- LaunchBrowser -->
        <test-method signature="test3()[pri:0, instance:pipelines.pipes.job1@72445aba]" started-at="2023-12-22T10:47:37 IST" name="test3" finished-at="2023-12-22T10:47:42 IST" duration-ms="4971" status="PASS">
          <reporter-output>
          </reporter-output>
        </test-method> <!-- test3 -->
        <test-method is-config="true" signature="test4()[pri:0, instance:pipelines.pipes.job1@72445aba]" started-at="2023-12-22T10:47:42 IST" name="test4" finished-at="2023-12-22T10:47:43 IST" duration-ms="321" status="PASS">
          <reporter-output>
          </reporter-output>
        </test-method> <!-- test4 -->
      </class> <!-- pipelines.pipes.job1 -->
    </test> <!-- Default test -->
  </suite> <!-- Default suite -->
</testng-results>
